<?xml version="1.0" encoding="UTF-8"?>
<testng-results ignored="0" total="8" passed="7" failed="1" skipped="0">
  <reporter-output>
  </reporter-output>
  <suite started-at="2025-03-10T14:30:42 IST" name="Default suite" finished-at="2025-03-10T14:32:52 IST" duration-ms="130236">
    <groups>
    </groups>
    <test started-at="2025-03-10T14:30:42 IST" name="Default test" finished-at="2025-03-10T14:32:52 IST" duration-ms="130236">
      <class name="dailyGrub.testCases.addRecipeTestCases">
        <test-method is-config="true" signature="loadConfig()[pri:0, instance:dailyGrub.testCases.addRecipeTestCases@22fcf7ab]" started-at="2025-03-10T14:30:42 IST" name="loadConfig" finished-at="2025-03-10T14:30:42 IST" duration-ms="52" status="PASS">
          <reporter-output>
          </reporter-output>
        </test-method> <!-- loadConfig -->
        <test-method is-config="true" signature="launchBrowser()[pri:0, instance:dailyGrub.testCases.addRecipeTestCases@22fcf7ab]" started-at="2025-03-10T14:30:42 IST" name="launchBrowser" finished-at="2025-03-10T14:31:14 IST" duration-ms="32202" status="PASS">
          <reporter-output>
          </reporter-output>
        </test-method> <!-- launchBrowser -->
        <test-method signature="doLogin()[pri:1, instance:dailyGrub.testCases.addRecipeTestCases@22fcf7ab]" started-at="2025-03-10T14:31:14 IST" name="doLogin" finished-at="2025-03-10T14:31:44 IST" duration-ms="29430" status="PASS">
          <reporter-output>
          </reporter-output>
        </test-method> <!-- doLogin -->
        <test-method signature="redirectToAddRecipe()[pri:2, instance:dailyGrub.testCases.addRecipeTestCases@22fcf7ab]" started-at="2025-03-10T14:31:44 IST" name="redirectToAddRecipe" finished-at="2025-03-10T14:31:55 IST" duration-ms="11634" status="PASS">
          <reporter-output>
          </reporter-output>
        </test-method> <!-- redirectToAddRecipe -->
        <test-method signature="AddRecipe()[pri:3, instance:dailyGrub.testCases.addRecipeTestCases@22fcf7ab]" started-at="2025-03-10T14:31:55 IST" name="AddRecipe" finished-at="2025-03-10T14:31:58 IST" duration-ms="2910" status="PASS">
          <reporter-output>
          </reporter-output>
        </test-method> <!-- AddRecipe -->
        <test-method signature="selectIngredients()[pri:4, instance:dailyGrub.testCases.addRecipeTestCases@22fcf7ab]" started-at="2025-03-10T14:31:58 IST" name="selectIngredients" finished-at="2025-03-10T14:32:10 IST" duration-ms="11338" status="PASS">
          <reporter-output>
          </reporter-output>
        </test-method> <!-- selectIngredients -->
        <test-method signature="selectToppings()[pri:5, instance:dailyGrub.testCases.addRecipeTestCases@22fcf7ab]" started-at="2025-03-10T14:32:10 IST" name="selectToppings" finished-at="2025-03-10T14:32:19 IST" duration-ms="9232" status="PASS">
          <reporter-output>
          </reporter-output>
        </test-method> <!-- selectToppings -->
        <test-method signature="uploadRecipeImage()[pri:5, instance:dailyGrub.testCases.addRecipeTestCases@22fcf7ab]" started-at="2025-03-10T14:32:19 IST" name="uploadRecipeImage" finished-at="2025-03-10T14:32:23 IST" duration-ms="4326" status="PASS">
          <reporter-output>
          </reporter-output>
        </test-method> <!-- uploadRecipeImage -->
        <test-method signature="checkTheAddedRecord()[pri:6, instance:dailyGrub.testCases.addRecipeTestCases@22fcf7ab]" started-at="2025-03-10T14:32:23 IST" name="checkTheAddedRecord" finished-at="2025-03-10T14:32:43 IST" duration-ms="20137" status="FAIL">
          <exception class="org.openqa.selenium.TimeoutException">
            <message>
              <![CDATA[Expected condition failed: waiting for element to be clickable: Proxy element for: DefaultElementLocator 'By.id: recipe_list_filter' (tried for 10 second(s) with 500 milliseconds interval)]]>
            </message>
            <full-stacktrace>
              <![CDATA[org.openqa.selenium.TimeoutException: Expected condition failed: waiting for element to be clickable: Proxy element for: DefaultElementLocator 'By.id: recipe_list_filter' (tried for 10 second(s) with 500 milliseconds interval)
at org.openqa.selenium.support.ui.WebDriverWait.timeoutException(WebDriverWait.java:84)
at org.openqa.selenium.support.ui.FluentWait.until(FluentWait.java:230)
at dailyGrub.locators.recipeListPageLocators.enterSearchBar(recipeListPageLocators.java:34)
at dailyGrub.testCases.addRecipeTestCases.checkTheAddedRecord(addRecipeTestCases.java:182)
at java.base/jdk.internal.reflect.DirectMethodHandleAccessor.invoke(DirectMethodHandleAccessor.java:103)
at java.base/java.lang.reflect.Method.invoke(Method.java:580)
at org.testng.internal.invokers.MethodInvocationHelper.invokeMethod(MethodInvocationHelper.java:141)
at org.testng.internal.invokers.TestInvoker.invokeMethod(TestInvoker.java:686)
at org.testng.internal.invokers.TestInvoker.invokeTestMethod(TestInvoker.java:230)
at org.testng.internal.invokers.MethodRunner.runInSequence(MethodRunner.java:63)
at org.testng.internal.invokers.TestInvoker$MethodInvocationAgent.invoke(TestInvoker.java:992)
at org.testng.internal.invokers.TestInvoker.invokeTestMethods(TestInvoker.java:203)
at org.testng.internal.invokers.TestMethodWorker.invokeTestMethods(TestMethodWorker.java:154)
at org.testng.internal.invokers.TestMethodWorker.run(TestMethodWorker.java:134)
at java.base/java.util.ArrayList.forEach(ArrayList.java:1597)
at org.testng.TestRunner.privateRun(TestRunner.java:739)
at org.testng.TestRunner.run(TestRunner.java:614)
at org.testng.SuiteRunner.runTest(SuiteRunner.java:421)
at org.testng.SuiteRunner.runSequentially(SuiteRunner.java:413)
at org.testng.SuiteRunner.privateRun(SuiteRunner.java:373)
at org.testng.SuiteRunner.run(SuiteRunner.java:312)
at org.testng.SuiteRunnerWorker.runSuite(SuiteRunnerWorker.java:52)
at org.testng.SuiteRunnerWorker.run(SuiteRunnerWorker.java:95)
at org.testng.TestNG.runSuitesSequentially(TestNG.java:1274)
at org.testng.TestNG.runSuitesLocally(TestNG.java:1208)
at org.testng.TestNG.runSuites(TestNG.java:1112)
at org.testng.TestNG.run(TestNG.java:1079)
at org.testng.remote.AbstractRemoteTestNG.run(AbstractRemoteTestNG.java:115)
at org.testng.remote.RemoteTestNG.initAndRun(RemoteTestNG.java:293)
at org.testng.remote.RemoteTestNG.main(RemoteTestNG.java:91)
Caused by: org.openqa.selenium.NoSuchElementException: no such element: Unable to locate element: {"method":"css selector","selector":"#recipe_list_filter"}
  (Session info: chrome=133.0.6943.142)
For documentation on this error, please visit: https://www.selenium.dev/documentation/webdriver/troubleshooting/errors#no-such-element-exception
Build info: version: '4.14.1', revision: '03f8ede370'
System info: os.name: 'Windows 11', os.arch: 'amd64', os.version: '10.0', java.version: '23.0.1'
Driver info: org.openqa.selenium.chrome.ChromeDriver
Command: [263d97dcf09527a5d1a3870b06960d46, findElement {using=id, value=recipe_list_filter}]
Capabilities {acceptInsecureCerts: false, browserName: chrome, browserVersion: 133.0.6943.142, chrome: {chromedriverVersion: 133.0.6943.141 (2a5d6da0d61..., userDataDir: C:\Users\HP\AppData\Local\T...}, fedcm:accounts: true, goog:chromeOptions: {debuggerAddress: localhost:50702}, networkConnectionEnabled: false, pageLoadStrategy: normal, platformName: windows, proxy: Proxy(), se:cdp: ws://localhost:50702/devtoo..., se:cdpVersion: 133.0.6943.142, setWindowRect: true, strictFileInteractability: false, timeouts: {implicit: 0, pageLoad: 300000, script: 30000}, unhandledPromptBehavior: dismiss and notify, webauthn:extension:credBlob: true, webauthn:extension:largeBlob: true, webauthn:extension:minPinLength: true, webauthn:extension:prf: true, webauthn:virtualAuthenticators: true}
Session ID: 263d97dcf09527a5d1a3870b06960d46
at java.base/jdk.internal.reflect.DirectConstructorHandleAccessor.newInstance(DirectConstructorHandleAccessor.java:62)
at java.base/java.lang.reflect.Constructor.newInstanceWithCaller(Constructor.java:501)
at java.base/java.lang.reflect.Constructor.newInstance(Constructor.java:485)
at org.openqa.selenium.remote.codec.w3c.W3CHttpResponseCodec.createException(W3CHttpResponseCodec.java:200)
at org.openqa.selenium.remote.codec.w3c.W3CHttpResponseCodec.decode(W3CHttpResponseCodec.java:133)
at org.openqa.selenium.remote.codec.w3c.W3CHttpResponseCodec.decode(W3CHttpResponseCodec.java:52)
at org.openqa.selenium.remote.HttpCommandExecutor.execute(HttpCommandExecutor.java:191)
at org.openqa.selenium.remote.service.DriverCommandExecutor.invokeExecute(DriverCommandExecutor.java:200)
at org.openqa.selenium.remote.service.DriverCommandExecutor.execute(DriverCommandExecutor.java:175)
at org.openqa.selenium.remote.RemoteWebDriver.execute(RemoteWebDriver.java:602)
at org.openqa.selenium.remote.ElementLocation$ElementFinder$2.findElement(ElementLocation.java:165)
at org.openqa.selenium.remote.ElementLocation.findElement(ElementLocation.java:59)
at org.openqa.selenium.remote.RemoteWebDriver.findElement(RemoteWebDriver.java:359)
at org.openqa.selenium.remote.RemoteWebDriver.findElement(RemoteWebDriver.java:353)
at org.openqa.selenium.support.pagefactory.DefaultElementLocator.findElement(DefaultElementLocator.java:68)
at org.openqa.selenium.support.pagefactory.internal.LocatingElementHandler.invoke(LocatingElementHandler.java:38)
at jdk.proxy2/jdk.proxy2.$Proxy12.isDisplayed(Unknown Source)
at org.openqa.selenium.support.ui.ExpectedConditions.elementIfVisible(ExpectedConditions.java:304)
at org.openqa.selenium.support.ui.ExpectedConditions$10.apply(ExpectedConditions.java:290)
at org.openqa.selenium.support.ui.ExpectedConditions$10.apply(ExpectedConditions.java:287)
at org.openqa.selenium.support.ui.ExpectedConditions$23.apply(ExpectedConditions.java:656)
at org.openqa.selenium.support.ui.ExpectedConditions$23.apply(ExpectedConditions.java:652)
at org.openqa.selenium.support.ui.FluentWait.until(FluentWait.java:205)
... 28 more
]]>
            </full-stacktrace>
          </exception> <!-- org.openqa.selenium.TimeoutException -->
          <reporter-output>
          </reporter-output>
        </test-method> <!-- checkTheAddedRecord -->
        <test-method signature="enterOtherDetails()[pri:6, instance:dailyGrub.testCases.addRecipeTestCases@22fcf7ab]" started-at="2025-03-10T14:32:43 IST" name="enterOtherDetails" finished-at="2025-03-10T14:32:52 IST" duration-ms="8681" status="PASS">
          <reporter-output>
          </reporter-output>
        </test-method> <!-- enterOtherDetails -->
        <test-method is-config="true" signature="closeBrowser()[pri:0, instance:dailyGrub.testCases.addRecipeTestCases@22fcf7ab]" started-at="2025-03-10T14:32:52 IST" name="closeBrowser" finished-at="2025-03-10T14:32:52 IST" duration-ms="235" status="PASS">
          <reporter-output>
          </reporter-output>
        </test-method> <!-- closeBrowser -->
      </class> <!-- dailyGrub.testCases.addRecipeTestCases -->
    </test> <!-- Default test -->
  </suite> <!-- Default suite -->
</testng-results>
